app/build/intermediates/manifest_merge_blame_file/debug/processDebugMainManifest/manifest-merger-blame-debug-report.txt
1<?xml version="1.0" encoding="utf-8"?>
2<manifest xmlns:android="http://schemas.android.com/apk/res/android"
3    package="com.safety.rakshak"
4    android:versionCode="1"
5    android:versionName="1.0" >
6
7    <uses-sdk
8        android:minSdkVersion="26"
9        android:targetSdkVersion="34" />
10
11    <!-- Permissions -->
12    <uses-permission android:name="android.permission.ACCESS_FINE_LOCATION" />
12-->src\main\AndroidManifest.xml:6:5-79
12-->src\main\AndroidManifest.xml:6:22-76
13    <uses-permission android:name="android.permission.ACCESS_COARSE_LOCATION" />
13-->src\main\AndroidManifest.xml:7:5-81
13-->src\main\AndroidManifest.xml:7:22-78
14    <uses-permission android:name="android.permission.SEND_SMS" />
14-->src\main\AndroidManifest.xml:8:5-67
14-->src\main\AndroidManifest.xml:8:22-64
15    <uses-permission android:name="android.permission.READ_CONTACTS" />
15-->src\main\AndroidManifest.xml:9:5-72
15-->src\main\AndroidManifest.xml:9:22-69
16    <uses-permission android:name="android.permission.RECORD_AUDIO" />
16-->src\main\AndroidManifest.xml:10:5-71
16-->src\main\AndroidManifest.xml:10:22-68
17    <uses-permission android:name="android.permission.FOREGROUND_SERVICE" />
17-->src\main\AndroidManifest.xml:11:5-77
17-->src\main\AndroidManifest.xml:11:22-74
18    <uses-permission android:name="android.permission.FOREGROUND_SERVICE_MICROPHONE" />
18-->src\main\AndroidManifest.xml:12:5-88
18-->src\main\AndroidManifest.xml:12:22-85
19    <uses-permission android:name="android.permission.POST_NOTIFICATIONS" />
19-->src\main\AndroidManifest.xml:13:5-77
19-->src\main\AndroidManifest.xml:13:22-74
20    <uses-permission android:name="android.permission.WAKE_LOCK" />
20-->src\main\AndroidManifest.xml:14:5-68
20-->src\main\AndroidManifest.xml:14:22-65
21    <uses-permission android:name="android.permission.INTERNET" />
21-->src\main\AndroidManifest.xml:15:5-67
21-->src\main\AndroidManifest.xml:15:22-64
22    <uses-permission android:name="android.permission.ACCESS_NETWORK_STATE" />
22-->[androidx.work:work-runtime:2.9.0] AndroidManifest.xml:24:5-79
22-->[androidx.work:work-runtime:2.9.0] AndroidManifest.xml:24:22-76
23    <uses-permission android:name="android.permission.RECEIVE_BOOT_COMPLETED" />
23-->[androidx.work:work-runtime:2.9.0] AndroidManifest.xml:25:5-81
23-->[androidx.work:work-runtime:2.9.0] AndroidManifest.xml:25:22-78
24
25    <permission
25-->[androidx.core:core:1.12.0] AndroidManifest.xml:22:5-24:47
26        android:name="com.safety.rakshak.DYNAMIC_RECEIVER_NOT_EXPORTED_PERMISSION"
26-->[androidx.core:core:1.12.0] AndroidManifest.xml:23:9-81
27        android:protectionLevel="signature" />
27-->[androidx.core:core:1.12.0] AndroidManifest.xml:24:9-44
28
29    <uses-permission android:name="com.safety.rakshak.DYNAMIC_RECEIVER_NOT_EXPORTED_PERMISSION" />
29-->[androidx.core:core:1.12.0] AndroidManifest.xml:26:5-97
29-->[androidx.core:core:1.12.0] AndroidManifest.xml:26:22-94
30
31    <application
31-->src\main\AndroidManifest.xml:17:5-53:19
32        android:allowBackup="true"
32-->src\main\AndroidManifest.xml:18:9-35
33        android:appComponentFactory="androidx.core.app.CoreComponentFactory"
33-->[androidx.core:core:1.12.0] AndroidManifest.xml:28:18-86
34        android:dataExtractionRules="@xml/data_extraction_rules"
34-->src\main\AndroidManifest.xml:19:9-65
35        android:debuggable="true"
36        android:extractNativeLibs="false"
37        android:fullBackupContent="@xml/backup_rules"
37-->src\main\AndroidManifest.xml:20:9-54
38        android:icon="@mipmap/ic_launcher"
38-->src\main\AndroidManifest.xml:21:9-43
39        android:label="@string/app_name"
39-->src\main\AndroidManifest.xml:22:9-41
40        android:roundIcon="@mipmap/ic_launcher_round"
40-->src\main\AndroidManifest.xml:23:9-54
41        android:supportsRtl="true"
41-->src\main\AndroidManifest.xml:24:9-35
42        android:testOnly="true"
43        android:theme="@style/Theme.Rakshak" >
43-->src\main\AndroidManifest.xml:25:9-45
44
45        <!-- Main Activity -->
46        <activity
46-->src\main\AndroidManifest.xml:29:9-37:20
47            android:name="com.safety.rakshak.MainActivity"
47-->src\main\AndroidManifest.xml:30:13-41
48            android:exported="true"
48-->src\main\AndroidManifest.xml:31:13-36
49            android:theme="@style/Theme.Rakshak" >
49-->src\main\AndroidManifest.xml:32:13-49
50            <intent-filter>
50-->src\main\AndroidManifest.xml:33:13-36:29
51                <action android:name="android.intent.action.MAIN" />
51-->src\main\AndroidManifest.xml:34:17-69
51-->src\main\AndroidManifest.xml:34:25-66
52
53                <category android:name="android.intent.category.LAUNCHER" />
53-->src\main\AndroidManifest.xml:35:17-77
53-->src\main\AndroidManifest.xml:35:27-74
54            </intent-filter>
55        </activity>
56
57        <!-- Voice Guard Service -->
58        <service
58-->src\main\AndroidManifest.xml:40:9-44:58
59            android:name="com.safety.rakshak.service.VoiceGuardService"
59-->src\main\AndroidManifest.xml:41:13-54
60            android:enabled="true"
60-->src\main\AndroidManifest.xml:42:13-35
61            android:exported="false"
61-->src\main\AndroidManifest.xml:43:13-37
62            android:foregroundServiceType="microphone" />
62-->src\main\AndroidManifest.xml:44:13-55
63
64        <!-- SOS Service -->
65        <service
65-->src\main\AndroidManifest.xml:47:9-51:56
66            android:name="com.safety.rakshak.service.SOSService"
66-->src\main\AndroidManifest.xml:48:13-47
67            android:enabled="true"
67-->src\main\AndroidManifest.xml:49:13-35
68            android:exported="false"
68-->src\main\AndroidManifest.xml:50:13-37
69            android:foregroundServiceType="location" />
69-->src\main\AndroidManifest.xml:51:13-53
70
71        <activity
71-->[com.google.android.gms:play-services-base:18.1.0] AndroidManifest.xml:20:9-22:45
72            android:name="com.google.android.gms.common.api.GoogleApiActivity"
72-->[com.google.android.gms:play-services-base:18.1.0] AndroidManifest.xml:20:19-85
73            android:exported="false"
73-->[com.google.android.gms:play-services-base:18.1.0] AndroidManifest.xml:22:19-43
74            android:theme="@android:style/Theme.Translucent.NoTitleBar" />
74-->[com.google.android.gms:play-services-base:18.1.0] AndroidManifest.xml:21:19-78
75
76        <meta-data
76-->[com.google.android.gms:play-services-basement:18.1.0] AndroidManifest.xml:21:9-23:69
77            android:name="com.google.android.gms.version"
77-->[com.google.android.gms:play-services-basement:18.1.0] AndroidManifest.xml:22:13-58
78            android:value="@integer/google_play_services_version" />
78-->[com.google.android.gms:play-services-basement:18.1.0] AndroidManifest.xml:23:13-66
79
80        <provider
80-->[androidx.work:work-runtime:2.9.0] AndroidManifest.xml:29:9-37:20
81            android:name="androidx.startup.InitializationProvider"
81-->[androidx.work:work-runtime:2.9.0] AndroidManifest.xml:30:13-67
82            android:authorities="com.safety.rakshak.androidx-startup"
82-->[androidx.work:work-runtime:2.9.0] AndroidManifest.xml:31:13-68
83            android:exported="false" >
83-->[androidx.work:work-runtime:2.9.0] AndroidManifest.xml:32:13-37
84            <meta-data
84-->[androidx.work:work-runtime:2.9.0] AndroidManifest.xml:34:13-36:52
85                android:name="androidx.work.WorkManagerInitializer"
85-->[androidx.work:work-runtime:2.9.0] AndroidManifest.xml:35:17-68
86                android:value="androidx.startup" />
86-->[androidx.work:work-runtime:2.9.0] AndroidManifest.xml:36:17-49
87            <meta-data
87-->[androidx.emoji2:emoji2:1.3.0] AndroidManifest.xml:29:13-31:52
88                android:name="androidx.emoji2.text.EmojiCompatInitializer"
88-->[androidx.emoji2:emoji2:1.3.0] AndroidManifest.xml:30:17-75
89                android:value="androidx.startup" />
89-->[androidx.emoji2:emoji2:1.3.0] AndroidManifest.xml:31:17-49
90            <meta-data
90-->[androidx.lifecycle:lifecycle-process:2.7.0] AndroidManifest.xml:29:13-31:52
91                android:name="androidx.lifecycle.ProcessLifecycleInitializer"
91-->[androidx.lifecycle:lifecycle-process:2.7.0] AndroidManifest.xml:30:17-78
92                android:value="androidx.startup" />
92-->[androidx.lifecycle:lifecycle-process:2.7.0] AndroidManifest.xml:31:17-49
93            <meta-data
93-->[androidx.profileinstaller:profileinstaller:1.3.0] AndroidManifest.xml:29:13-31:52
94                android:name="androidx.profileinstaller.ProfileInstallerInitializer"
94-->[androidx.profileinstaller:profileinstaller:1.3.0] AndroidManifest.xml:30:17-85
95                android:value="androidx.startup" />
95-->[androidx.profileinstaller:profileinstaller:1.3.0] AndroidManifest.xml:31:17-49
96        </provider>
97
98        <service
98-->[androidx.work:work-runtime:2.9.0] AndroidManifest.xml:39:9-45:35
99            android:name="androidx.work.impl.background.systemalarm.SystemAlarmService"
99-->[androidx.work:work-runtime:2.9.0] AndroidManifest.xml:40:13-88
100            android:directBootAware="false"
100-->[androidx.work:work-runtime:2.9.0] AndroidManifest.xml:41:13-44
101            android:enabled="@bool/enable_system_alarm_service_default"
101-->[androidx.work:work-runtime:2.9.0] AndroidManifest.xml:42:13-72
102            android:exported="false" />
102-->[androidx.work:work-runtime:2.9.0] AndroidManifest.xml:43:13-37
103        <service
103-->[androidx.work:work-runtime:2.9.0] AndroidManifest.xml:46:9-52:35
104            android:name="androidx.work.impl.background.systemjob.SystemJobService"
104-->[androidx.work:work-runtime:2.9.0] AndroidManifest.xml:47:13-84
105            android:directBootAware="false"
105-->[androidx.work:work-runtime:2.9.0] AndroidManifest.xml:48:13-44
106            android:enabled="@bool/enable_system_job_service_default"
106-->[androidx.work:work-runtime:2.9.0] AndroidManifest.xml:49:13-70
107            android:exported="true"
107-->[androidx.work:work-runtime:2.9.0] AndroidManifest.xml:50:13-36
108            android:permission="android.permission.BIND_JOB_SERVICE" />
108-->[androidx.work:work-runtime:2.9.0] AndroidManifest.xml:51:13-69
109        <service
109-->[androidx.work:work-runtime:2.9.0] AndroidManifest.xml:53:9-59:35
110            android:name="androidx.work.impl.foreground.SystemForegroundService"
110-->[androidx.work:work-runtime:2.9.0] AndroidManifest.xml:54:13-81
111            android:directBootAware="false"
111-->[androidx.work:work-runtime:2.9.0] AndroidManifest.xml:55:13-44
112            android:enabled="@bool/enable_system_foreground_service_default"
112-->[androidx.work:work-runtime:2.9.0] AndroidManifest.xml:56:13-77
113            android:exported="false" />
113-->[androidx.work:work-runtime:2.9.0] AndroidManifest.xml:57:13-37
114
115        <receiver
115-->[androidx.work:work-runtime:2.9.0] AndroidManifest.xml:61:9-66:35
116            android:name="androidx.work.impl.utils.ForceStopRunnable$BroadcastReceiver"
116-->[androidx.work:work-runtime:2.9.0] AndroidManifest.xml:62:13-88
117            android:directBootAware="false"
117-->[androidx.work:work-runtime:2.9.0] AndroidManifest.xml:63:13-44
118            android:enabled="true"
118-->[androidx.work:work-runtime:2.9.0] AndroidManifest.xml:64:13-35
119            android:exported="false" />
119-->[androidx.work:work-runtime:2.9.0] AndroidManifest.xml:65:13-37
120        <receiver
120-->[androidx.work:work-runtime:2.9.0] AndroidManifest.xml:67:9-77:20
121            android:name="androidx.work.impl.background.systemalarm.ConstraintProxy$BatteryChargingProxy"
121-->[androidx.work:work-runtime:2.9.0] AndroidManifest.xml:68:13-106
122            android:directBootAware="false"
122-->[androidx.work:work-runtime:2.9.0] AndroidManifest.xml:69:13-44
123            android:enabled="false"
123-->[androidx.work:work-runtime:2.9.0] AndroidManifest.xml:70:13-36
124            android:exported="false" >
124-->[androidx.work:work-runtime:2.9.0] AndroidManifest.xml:71:13-37
125            <intent-filter>
125-->[androidx.work:work-runtime:2.9.0] AndroidManifest.xml:73:13-76:29
126                <action android:name="android.intent.action.ACTION_POWER_CONNECTED" />
126-->[androidx.work:work-runtime:2.9.0] AndroidManifest.xml:74:17-87
126-->[androidx.work:work-runtime:2.9.0] AndroidManifest.xml:74:25-84
127                <action android:name="android.intent.action.ACTION_POWER_DISCONNECTED" />
127-->[androidx.work:work-runtime:2.9.0] AndroidManifest.xml:75:17-90
127-->[androidx.work:work-runtime:2.9.0] AndroidManifest.xml:75:25-87
128            </intent-filter>
129        </receiver>
130        <receiver
130-->[androidx.work:work-runtime:2.9.0] AndroidManifest.xml:78:9-88:20
131            android:name="androidx.work.impl.background.systemalarm.ConstraintProxy$BatteryNotLowProxy"
131-->[androidx.work:work-runtime:2.9.0] AndroidManifest.xml:79:13-104
132            android:directBootAware="false"
132-->[androidx.work:work-runtime:2.9.0] AndroidManifest.xml:80:13-44
133            android:enabled="false"
133-->[androidx.work:work-runtime:2.9.0] AndroidManifest.xml:81:13-36
134            android:exported="false" >
134-->[androidx.work:work-runtime:2.9.0] AndroidManifest.xml:82:13-37
135            <intent-filter>
135-->[androidx.work:work-runtime:2.9.0] AndroidManifest.xml:84:13-87:29
136                <action android:name="android.intent.action.BATTERY_OKAY" />
136-->[androidx.work:work-runtime:2.9.0] AndroidManifest.xml:85:17-77
136-->[androidx.work:work-runtime:2.9.0] AndroidManifest.xml:85:25-74
137                <action android:name="android.intent.action.BATTERY_LOW" />
137-->[androidx.work:work-runtime:2.9.0] AndroidManifest.xml:86:17-76
137-->[androidx.work:work-runtime:2.9.0] AndroidManifest.xml:86:25-73
138            </intent-filter>
139        </receiver>
140        <receiver
140-->[androidx.work:work-runtime:2.9.0] AndroidManifest.xml:89:9-99:20
141            android:name="androidx.work.impl.background.systemalarm.ConstraintProxy$StorageNotLowProxy"
141-->[androidx.work:work-runtime:2.9.0] AndroidManifest.xml:90:13-104
142            android:directBootAware="false"
142-->[androidx.work:work-runtime:2.9.0] AndroidManifest.xml:91:13-44
143            android:enabled="false"
143-->[androidx.work:work-runtime:2.9.0] AndroidManifest.xml:92:13-36
144            android:exported="false" >
144-->[androidx.work:work-runtime:2.9.0] AndroidManifest.xml:93:13-37
145            <intent-filter>
145-->[androidx.work:work-runtime:2.9.0] AndroidManifest.xml:95:13-98:29
146                <action android:name="android.intent.action.DEVICE_STORAGE_LOW" />
146-->[androidx.work:work-runtime:2.9.0] AndroidManifest.xml:96:17-83
146-->[androidx.work:work-runtime:2.9.0] AndroidManifest.xml:96:25-80
147                <action android:name="android.intent.action.DEVICE_STORAGE_OK" />
147-->[androidx.work:work-runtime:2.9.0] AndroidManifest.xml:97:17-82
147-->[androidx.work:work-runtime:2.9.0] AndroidManifest.xml:97:25-79
148            </intent-filter>
149        </receiver>
150        <receiver
150-->[androidx.work:work-runtime:2.9.0] AndroidManifest.xml:100:9-109:20
151            android:name="androidx.work.impl.background.systemalarm.ConstraintProxy$NetworkStateProxy"
151-->[androidx.work:work-runtime:2.9.0] AndroidManifest.xml:101:13-103
152            android:directBootAware="false"
152-->[androidx.work:work-runtime:2.9.0] AndroidManifest.xml:102:13-44
153            android:enabled="false"
153-->[androidx.work:work-runtime:2.9.0] AndroidManifest.xml:103:13-36
154            android:exported="false" >
154-->[androidx.work:work-runtime:2.9.0] AndroidManifest.xml:104:13-37
155            <intent-filter>
155-->[androidx.work:work-runtime:2.9.0] AndroidManifest.xml:106:13-108:29
156                <action android:name="android.net.conn.CONNECTIVITY_CHANGE" />
156-->[androidx.work:work-runtime:2.9.0] AndroidManifest.xml:107:17-79
156-->[androidx.work:work-runtime:2.9.0] AndroidManifest.xml:107:25-76
157            </intent-filter>
158        </receiver>
159        <receiver
159-->[androidx.work:work-runtime:2.9.0] AndroidManifest.xml:110:9-121:20
160            android:name="androidx.work.impl.background.systemalarm.RescheduleReceiver"
160-->[androidx.work:work-runtime:2.9.0] AndroidManifest.xml:111:13-88
161            android:directBootAware="false"
161-->[androidx.work:work-runtime:2.9.0] AndroidManifest.xml:112:13-44
162            android:enabled="false"
162-->[androidx.work:work-runtime:2.9.0] AndroidManifest.xml:113:13-36
163            android:exported="false" >
163-->[androidx.work:work-runtime:2.9.0] AndroidManifest.xml:114:13-37
164            <intent-filter>
164-->[androidx.work:work-runtime:2.9.0] AndroidManifest.xml:116:13-120:29
165                <action android:name="android.intent.action.BOOT_COMPLETED" />
165-->[androidx.work:work-runtime:2.9.0] AndroidManifest.xml:117:17-79
165-->[androidx.work:work-runtime:2.9.0] AndroidManifest.xml:117:25-76
166                <action android:name="android.intent.action.TIME_SET" />
166-->[androidx.work:work-runtime:2.9.0] AndroidManifest.xml:118:17-73
166-->[androidx.work:work-runtime:2.9.0] AndroidManifest.xml:118:25-70
167                <action android:name="android.intent.action.TIMEZONE_CHANGED" />
167-->[androidx.work:work-runtime:2.9.0] AndroidManifest.xml:119:17-81
167-->[androidx.work:work-runtime:2.9.0] AndroidManifest.xml:119:25-78
168            </intent-filter>
169        </receiver>
170        <receiver
170-->[androidx.work:work-runtime:2.9.0] AndroidManifest.xml:122:9-131:20
171            android:name="androidx.work.impl.background.systemalarm.ConstraintProxyUpdateReceiver"
171-->[androidx.work:work-runtime:2.9.0] AndroidManifest.xml:123:13-99
172            android:directBootAware="false"
172-->[androidx.work:work-runtime:2.9.0] AndroidManifest.xml:124:13-44
173            android:enabled="@bool/enable_system_alarm_service_default"
173-->[androidx.work:work-runtime:2.9.0] AndroidManifest.xml:125:13-72
174            android:exported="false" >
174-->[androidx.work:work-runtime:2.9.0] AndroidManifest.xml:126:13-37
175            <intent-filter>
175-->[androidx.work:work-runtime:2.9.0] AndroidManifest.xml:128:13-130:29
176                <action android:name="androidx.work.impl.background.systemalarm.UpdateProxies" />
176-->[androidx.work:work-runtime:2.9.0] AndroidManifest.xml:129:17-98
176-->[androidx.work:work-runtime:2.9.0] AndroidManifest.xml:129:25-95
177            </intent-filter>
178        </receiver>
179        <receiver
179-->[androidx.work:work-runtime:2.9.0] AndroidManifest.xml:132:9-142:20
180            android:name="androidx.work.impl.diagnostics.DiagnosticsReceiver"
180-->[androidx.work:work-runtime:2.9.0] AndroidManifest.xml:133:13-78
181            android:directBootAware="false"
181-->[androidx.work:work-runtime:2.9.0] AndroidManifest.xml:134:13-44
182            android:enabled="true"
182-->[androidx.work:work-runtime:2.9.0] AndroidManifest.xml:135:13-35
183            android:exported="true"
183-->[androidx.work:work-runtime:2.9.0] AndroidManifest.xml:136:13-36
184            android:permission="android.permission.DUMP" >
184-->[androidx.work:work-runtime:2.9.0] AndroidManifest.xml:137:13-57
185            <intent-filter>
185-->[androidx.work:work-runtime:2.9.0] AndroidManifest.xml:139:13-141:29
186                <action android:name="androidx.work.diagnostics.REQUEST_DIAGNOSTICS" />
186-->[androidx.work:work-runtime:2.9.0] AndroidManifest.xml:140:17-88
186-->[androidx.work:work-runtime:2.9.0] AndroidManifest.xml:140:25-85
187            </intent-filter>
188        </receiver>
189
190        <activity
190-->[androidx.compose.ui:ui-test-manifest:1.6.1] AndroidManifest.xml:23:9-25:39
191            android:name="androidx.activity.ComponentActivity"
191-->[androidx.compose.ui:ui-test-manifest:1.6.1] AndroidManifest.xml:24:13-63
192            android:exported="true" />
192-->[androidx.compose.ui:ui-test-manifest:1.6.1] AndroidManifest.xml:25:13-36
193        <activity
193-->[androidx.compose.ui:ui-tooling-android:1.6.1] AndroidManifest.xml:23:9-25:39
194            android:name="androidx.compose.ui.tooling.PreviewActivity"
194-->[androidx.compose.ui:ui-tooling-android:1.6.1] AndroidManifest.xml:24:13-71
195            android:exported="true" />
195-->[androidx.compose.ui:ui-tooling-android:1.6.1] AndroidManifest.xml:25:13-36
196
197        <service
197-->[androidx.room:room-runtime:2.6.1] AndroidManifest.xml:24:9-28:63
198            android:name="androidx.room.MultiInstanceInvalidationService"
198-->[androidx.room:room-runtime:2.6.1] AndroidManifest.xml:25:13-74
199            android:directBootAware="true"
199-->[androidx.room:room-runtime:2.6.1] AndroidManifest.xml:26:13-43
200            android:exported="false" />
200-->[androidx.room:room-runtime:2.6.1] AndroidManifest.xml:27:13-37
201
202        <receiver
202-->[androidx.profileinstaller:profileinstaller:1.3.0] AndroidManifest.xml:34:9-52:20
203            android:name="androidx.profileinstaller.ProfileInstallReceiver"
203-->[androidx.profileinstaller:profileinstaller:1.3.0] AndroidManifest.xml:35:13-76
204            android:directBootAware="false"
204-->[androidx.profileinstaller:profileinstaller:1.3.0] AndroidManifest.xml:36:13-44
205            android:enabled="true"
205-->[androidx.profileinstaller:profileinstaller:1.3.0] AndroidManifest.xml:37:13-35
206            android:exported="true"
206-->[androidx.profileinstaller:profileinstaller:1.3.0] AndroidManifest.xml:38:13-36
207            android:permission="android.permission.DUMP" >
207-->[androidx.profileinstaller:profileinstaller:1.3.0] AndroidManifest.xml:39:13-57
208            <intent-filter>
208-->[androidx.profileinstaller:profileinstaller:1.3.0] AndroidManifest.xml:40:13-42:29
209                <action android:name="androidx.profileinstaller.action.INSTALL_PROFILE" />
209-->[androidx.profileinstaller:profileinstaller:1.3.0] AndroidManifest.xml:41:17-91
209-->[androidx.profileinstaller:profileinstaller:1.3.0] AndroidManifest.xml:41:25-88
210            </intent-filter>
211            <intent-filter>
211-->[androidx.profileinstaller:profileinstaller:1.3.0] AndroidManifest.xml:43:13-45:29
212                <action android:name="androidx.profileinstaller.action.SKIP_FILE" />
212-->[androidx.profileinstaller:profileinstaller:1.3.0] AndroidManifest.xml:44:17-85
212-->[androidx.profileinstaller:profileinstaller:1.3.0] AndroidManifest.xml:44:25-82
213            </intent-filter>
214            <intent-filter>
214-->[androidx.profileinstaller:profileinstaller:1.3.0] AndroidManifest.xml:46:13-48:29
215                <action android:name="androidx.profileinstaller.action.SAVE_PROFILE" />
215-->[androidx.profileinstaller:profileinstaller:1.3.0] AndroidManifest.xml:47:17-88
215-->[androidx.profileinstaller:profileinstaller:1.3.0] AndroidManifest.xml:47:25-85
216            </intent-filter>
217            <intent-filter>
217-->[androidx.profileinstaller:profileinstaller:1.3.0] AndroidManifest.xml:49:13-51:29
218                <action android:name="androidx.profileinstaller.action.BENCHMARK_OPERATION" />
218-->[androidx.profileinstaller:profileinstaller:1.3.0] AndroidManifest.xml:50:17-95
218-->[androidx.profileinstaller:profileinstaller:1.3.0] AndroidManifest.xml:50:25-92
219            </intent-filter>
220        </receiver>
221    </application>
222
223</manifest>